2026-07-11 15:45:50 [INFO] mission: ============================================================
2026-07-11 15:45:50 [INFO] mission: TEKNOFEST İHA GÖREV SİSTEMİ BAŞLATILDI
2026-07-11 15:45:50 [INFO] mission: ============================================================
2026-07-11 15:45:50 [INFO] mission:   SITL Modu: False
2026-07-11 15:45:50 [INFO] mission:   Kamera: True
2026-07-11 15:45:50 [INFO] mission: Görev döngüsü başlatılıyor...
2026-07-11 15:45:50 [INFO] mission: ==================================================
2026-07-11 15:45:50 [INFO] mission: DURUM: INIT - Sistem Başlatılıyor
2026-07-11 15:45:50 [INFO] mission: ==================================================
2026-07-11 15:45:50 [INFO] mission: ✓ GPS fix: 3
2026-07-11 15:45:52 [INFO] mission: ✓ Kamera başlatıldı
2026-07-11 15:45:52 [INFO] mission: ✓ Servo nötr pozisyonda
2026-07-11 15:45:52 [INFO] mission: ✓ Batarya: 16.2V, Seviye: 92%
2026-07-11 15:45:52 [INFO] mission: ✓ Tüm sistemler hazır
2026-07-11 15:45:52 [INFO] mission: DURUM GEÇİŞİ: INIT → TAKEOFF
2026-07-11 15:45:52 [INFO] mission: ==================================================
2026-07-11 15:45:52 [INFO] mission: DURUM: TAKEOFF - Kalkış
2026-07-11 15:45:52 [INFO] mission: ==================================================
2026-07-11 15:45:52 [INFO] mission: Kalkış başlatıldı, hedef irtifa: 50m
2026-07-11 15:46:01 [INFO] mission: ✓ Hedef irtifaya ulaşıldı: 45.0m
2026-07-11 15:46:01 [INFO] mission: DURUM GEÇİŞİ: TAKEOFF → SEARCH
2026-07-11 15:46:01 [INFO] mission: ==================================================
2026-07-11 15:46:01 [INFO] mission: DURUM: SEARCH - Süreli Hedef Arama
2026-07-11 15:46:01 [INFO] mission: ==================================================
2026-07-11 15:46:01 [INFO] mission: Arama süresi: 12.0s, örnekleme aralığı: 0.20s, minimum örnek: 10
2026-07-11 15:46:01 [INFO] mission: MAVİ tespit #1: GPS=(39.925538, 32.866305), Güven=90.1%
2026-07-11 15:46:01 [INFO] mission: KIRMIZI tespit #1: GPS=(39.925531, 32.866423), Güven=92.7%
2026-07-11 15:46:01 [INFO] mission: MAVİ tespit #2: GPS=(39.925538, 32.866303), Güven=90.0%
2026-07-11 15:46:01 [INFO] mission: KIRMIZI tespit #2: GPS=(39.925529, 32.866419), Güven=92.6%
2026-07-11 15:46:01 [INFO] mission: MAVİ tespit #3: GPS=(39.925540, 32.866303), Güven=90.1%
2026-07-11 15:46:01 [INFO] mission: KIRMIZI tespit #3: GPS=(39.925531, 32.866420), Güven=92.6%
2026-07-11 15:46:02 [INFO] mission: MAVİ tespit #4: GPS=(39.925541, 32.866302), Güven=90.3%
2026-07-11 15:46:02 [INFO] mission: KIRMIZI tespit #4: GPS=(39.925533, 32.866420), Güven=92.6%
2026-07-11 15:46:02 [INFO] mission: MAVİ tespit #5: GPS=(39.925542, 32.866300), Güven=90.3%
2026-07-11 15:46:02 [INFO] mission: KIRMIZI tespit #5: GPS=(39.925534, 32.866420), Güven=93.0%
2026-07-11 15:46:02 [INFO] mission: Arama devam ediyor: 1/12s | Mavi=5, Kırmızı=5
2026-07-11 15:46:02 [INFO] mission: MAVİ tespit #6: GPS=(39.925544, 32.866301), Güven=90.0%
2026-07-11 15:46:02 [INFO] mission: KIRMIZI tespit #6: GPS=(39.925536, 32.866421), Güven=92.9%
2026-07-11 15:46:02 [INFO] mission: MAVİ tespit #7: GPS=(39.925546, 32.866306), Güven=90.5%
2026-07-11 15:46:02 [INFO] mission: KIRMIZI tespit #7: GPS=(39.925538, 32.866428), Güven=93.0%
2026-07-11 15:46:02 [INFO] mission: MAVİ tespit #8: GPS=(39.925548, 32.866313), Güven=90.6%
2026-07-11 15:46:02 [INFO] mission: KIRMIZI tespit #8: GPS=(39.925539, 32.866436), Güven=93.3%
2026-07-11 15:46:03 [INFO] mission: MAVİ tespit #9: GPS=(39.925548, 32.866313), Güven=90.7%
2026-07-11 15:46:03 [INFO] mission: KIRMIZI tespit #9: GPS=(39.925539, 32.866437), Güven=93.3%
2026-07-11 15:46:03 [INFO] mission: MAVİ tespit #10: GPS=(39.925544, 32.866308), Güven=89.1%
2026-07-11 15:46:03 [INFO] mission: KIRMIZI tespit #10: GPS=(39.925535, 32.866433), Güven=92.9%
2026-07-11 15:46:03 [INFO] mission: Arama devam ediyor: 2/12s | Mavi=10, Kırmızı=10
2026-07-11 15:46:03 [INFO] mission: MAVİ tespit #11: GPS=(39.925544, 32.866306), Güven=90.3%
2026-07-11 15:46:03 [INFO] mission: KIRMIZI tespit #11: GPS=(39.925535, 32.866432), Güven=93.4%
2026-07-11 15:46:03 [INFO] mission: MAVİ tespit #12: GPS=(39.925545, 32.866311), Güven=90.6%
2026-07-11 15:46:03 [INFO] mission: KIRMIZI tespit #12: GPS=(39.925538, 32.866437), Güven=93.1%
2026-07-11 15:46:04 [INFO] mission: MAVİ tespit #13: GPS=(39.925550, 32.866317), Güven=90.6%
2026-07-11 15:46:04 [INFO] mission: KIRMIZI tespit #13: GPS=(39.925541, 32.866442), Güven=93.3%
2026-07-11 15:46:04 [INFO] mission: MAVİ tespit #14: GPS=(39.925552, 32.866320), Güven=90.9%
2026-07-11 15:46:04 [INFO] mission: KIRMIZI tespit #14: GPS=(39.925544, 32.866447), Güven=93.4%
2026-07-11 15:46:04 [INFO] mission: MAVİ tespit #15: GPS=(39.925552, 32.866318), Güven=91.2%
2026-07-11 15:46:04 [INFO] mission: KIRMIZI tespit #15: GPS=(39.925543, 32.866446), Güven=93.4%
2026-07-11 15:46:04 [INFO] mission: Arama devam ediyor: 3/12s | Mavi=15, Kırmızı=15
2026-07-11 15:46:04 [INFO] mission: MAVİ tespit #16: GPS=(39.925553, 32.866311), Güven=89.9%
2026-07-11 15:46:04 [INFO] mission: KIRMIZI tespit #16: GPS=(39.925544, 32.866439), Güven=93.0%
2026-07-11 15:46:04 [INFO] mission: MAVİ tespit #17: GPS=(39.925554, 32.866318), Güven=91.7%
2026-07-11 15:46:04 [INFO] mission: KIRMIZI tespit #17: GPS=(39.925545, 32.866447), Güven=93.9%
2026-07-11 15:46:05 [INFO] mission: MAVİ tespit #18: GPS=(39.925560, 32.866318), Güven=90.5%
2026-07-11 15:46:05 [INFO] mission: KIRMIZI tespit #18: GPS=(39.925551, 32.866446), Güven=93.6%
2026-07-11 15:46:05 [INFO] mission: MAVİ tespit #19: GPS=(39.925560, 32.866311), Güven=89.7%
2026-07-11 15:46:05 [INFO] mission: KIRMIZI tespit #19: GPS=(39.925551, 32.866439), Güven=93.4%
2026-07-11 15:46:05 [INFO] mission: Arama devam ediyor: 4/12s | Mavi=19, Kırmızı=19
2026-07-11 15:46:05 [INFO] mission: MAVİ tespit #20: GPS=(39.925561, 32.866309), Güven=90.7%
2026-07-11 15:46:05 [INFO] mission: KIRMIZI tespit #20: GPS=(39.925552, 32.866437), Güven=93.4%
2026-07-11 15:46:05 [INFO] mission: MAVİ tespit #21: GPS=(39.925562, 32.866309), Güven=90.5%
2026-07-11 15:46:05 [INFO] mission: KIRMIZI tespit #21: GPS=(39.925553, 32.866437), Güven=93.7%
2026-07-11 15:46:05 [INFO] mission: MAVİ tespit #22: GPS=(39.925562, 32.866309), Güven=90.5%
2026-07-11 15:46:05 [INFO] mission: KIRMIZI tespit #22: GPS=(39.925553, 32.866437), Güven=93.4%
2026-07-11 15:46:06 [INFO] mission: MAVİ tespit #23: GPS=(39.925563, 32.866309), Güven=90.9%
2026-07-11 15:46:06 [INFO] mission: KIRMIZI tespit #23: GPS=(39.925554, 32.866436), Güven=93.5%
2026-07-11 15:46:06 [INFO] mission: MAVİ tespit #24: GPS=(39.925561, 32.866309), Güven=90.6%
2026-07-11 15:46:06 [INFO] mission: KIRMIZI tespit #24: GPS=(39.925552, 32.866435), Güven=93.3%
2026-07-11 15:46:06 [INFO] mission: Arama devam ediyor: 5/12s | Mavi=24, Kırmızı=24
2026-07-11 15:46:06 [INFO] mission: MAVİ tespit #25: GPS=(39.925571, 32.866321), Güven=89.6%
2026-07-11 15:46:06 [INFO] mission: KIRMIZI tespit #25: GPS=(39.925535, 32.866436), Güven=90.5%
2026-07-11 15:46:06 [INFO] mission: MAVİ tespit #26: GPS=(39.925591, 32.866336), Güven=90.5%
2026-07-11 15:46:06 [INFO] mission: KIRMIZI tespit #26: GPS=(39.925527, 32.866421), Güven=92.3%
2026-07-11 15:46:06 [INFO] mission: MAVİ tespit #27: GPS=(39.925599, 32.866332), Güven=90.9%
2026-07-11 15:46:06 [INFO] mission: KIRMIZI tespit #27: GPS=(39.925526, 32.866401), Güven=92.2%
2026-07-11 15:46:07 [INFO] mission: MAVİ tespit #28: GPS=(39.925603, 32.866329), Güven=90.3%
2026-07-11 15:46:07 [INFO] mission: KIRMIZI tespit #28: GPS=(39.925527, 32.866395), Güven=92.5%
2026-07-11 15:46:07 [INFO] mission: MAVİ tespit #29: GPS=(39.925588, 32.866306), Güven=89.5%
2026-07-11 15:46:07 [INFO] mission: KIRMIZI tespit #29: GPS=(39.925536, 32.866409), Güven=93.1%
2026-07-11 15:46:07 [INFO] mission: Arama devam ediyor: 6/12s | Mavi=29, Kırmızı=29
2026-07-11 15:46:07 [INFO] mission: MAVİ tespit #30: GPS=(39.925558, 32.866286), Güven=88.6%
2026-07-11 15:46:07 [INFO] mission: KIRMIZI tespit #30: GPS=(39.925537, 32.866409), Güven=92.6%
2026-07-11 15:46:07 [INFO] mission: MAVİ tespit #31: GPS=(39.925535, 32.866274), Güven=91.0%
2026-07-11 15:46:07 [INFO] mission: KIRMIZI tespit #31: GPS=(39.925542, 32.866404), Güven=93.1%
2026-07-11 15:46:08 [INFO] mission: MAVİ tespit #32: GPS=(39.925539, 32.866271), Güven=91.0%
2026-07-11 15:46:08 [INFO] mission: KIRMIZI tespit #32: GPS=(39.925570, 32.866394), Güven=93.5%
2026-07-11 15:46:08 [INFO] mission: MAVİ tespit #33: GPS=(39.925523, 32.866276), Güven=90.1%
2026-07-11 15:46:08 [INFO] mission: KIRMIZI tespit #33: GPS=(39.925580, 32.866383), Güven=94.5%
2026-07-11 15:46:08 [INFO] mission: MAVİ tespit #34: GPS=(39.925501, 32.866282), Güven=92.3%
2026-07-11 15:46:08 [INFO] mission: KIRMIZI tespit #34: GPS=(39.925575, 32.866375), Güven=94.7%
2026-07-11 15:46:08 [INFO] mission: Arama devam ediyor: 7/12s | Mavi=34, Kırmızı=34
2026-07-11 15:46:08 [INFO] mission: MAVİ tespit #35: GPS=(39.925504, 32.866283), Güven=93.2%
2026-07-11 15:46:08 [INFO] mission: KIRMIZI tespit #35: GPS=(39.925574, 32.866380), Güven=94.1%
2026-07-11 15:46:08 [INFO] mission: MAVİ tespit #36: GPS=(39.925521, 32.866273), Güven=92.2%
2026-07-11 15:46:08 [INFO] mission: KIRMIZI tespit #36: GPS=(39.925557, 32.866394), Güven=92.4%
2026-07-11 15:46:09 [INFO] mission: MAVİ tespit #37: GPS=(39.925543, 32.866274), Güven=91.6%
2026-07-11 15:46:09 [INFO] mission: KIRMIZI tespit #37: GPS=(39.925552, 32.866401), Güven=92.6%
2026-07-11 15:46:09 [INFO] mission: MAVİ tespit #38: GPS=(39.925532, 32.866277), Güven=92.4%
2026-07-11 15:46:09 [INFO] mission: KIRMIZI tespit #38: GPS=(39.925539, 32.866405), Güven=94.2%
2026-07-11 15:46:09 [INFO] mission: MAVİ tespit #39: GPS=(39.925520, 32.866272), Güven=92.8%
2026-07-11 15:46:09 [INFO] mission: KIRMIZI tespit #39: GPS=(39.925524, 32.866397), Güven=94.5%
2026-07-11 15:46:09 [INFO] mission: MAVİ tespit #40: GPS=(39.925522, 32.866273), Güven=93.0%
2026-07-11 15:46:09 [INFO] mission: KIRMIZI tespit #40: GPS=(39.925526, 32.866399), Güven=93.3%
2026-07-11 15:46:09 [INFO] mission: MAVİ tespit #41: GPS=(39.925536, 32.866281), Güven=92.9%
2026-07-11 15:46:09 [INFO] mission: KIRMIZI tespit #41: GPS=(39.925542, 32.866410), Güven=94.8%
2026-07-11 15:46:10 [INFO] mission: MAVİ tespit #42: GPS=(39.925569, 32.866284), Güven=94.9%
2026-07-11 15:46:10 [INFO] mission: KIRMIZI tespit #42: GPS=(39.925565, 32.866409), Güven=97.1%
2026-07-11 15:46:10 [INFO] mission: MAVİ tespit #43: GPS=(39.925565, 32.866291), Güven=90.8%
2026-07-11 15:46:10 [INFO] mission: KIRMIZI tespit #43: GPS=(39.925565, 32.866413), Güven=90.2%
2026-07-11 15:46:10 [INFO] mission: Arama devam ediyor: 9/12s | Mavi=43, Kırmızı=43
2026-07-11 15:46:10 [INFO] mission: MAVİ tespit #44: GPS=(39.925558, 32.866292), Güven=87.3%
2026-07-11 15:46:10 [INFO] mission: KIRMIZI tespit #44: GPS=(39.925561, 32.866414), Güven=85.4%
2026-07-11 15:46:10 [INFO] mission: MAVİ tespit #45: GPS=(39.925568, 32.866299), Güven=91.0%
2026-07-11 15:46:10 [INFO] mission: KIRMIZI tespit #45: GPS=(39.925549, 32.866418), Güven=96.9%
2026-07-11 15:46:10 [INFO] mission: MAVİ tespit #46: GPS=(39.925584, 32.866321), Güven=83.0%
2026-07-11 15:46:10 [INFO] mission: KIRMIZI tespit #46: GPS=(39.925541, 32.866423), Güven=88.9%
2026-07-11 15:46:11 [INFO] mission: MAVİ tespit #47: GPS=(39.925585, 32.866326), Güven=77.6%
2026-07-11 15:46:11 [INFO] mission: KIRMIZI tespit #47: GPS=(39.925539, 32.866416), Güven=83.5%
2026-07-11 15:46:11 [INFO] mission: MAVİ tespit #48: GPS=(39.925578, 32.866323), Güven=71.6%
2026-07-11 15:46:11 [INFO] mission: KIRMIZI tespit #48: GPS=(39.925535, 32.866404), Güven=80.2%
2026-07-11 15:46:11 [INFO] mission: Arama devam ediyor: 10/12s | Mavi=48, Kırmızı=48
2026-07-11 15:46:11 [INFO] mission: KIRMIZI tespit #49: GPS=(39.925539, 32.866400), Güven=74.6%
2026-07-11 15:46:11 [INFO] mission: KIRMIZI tespit #50: GPS=(39.925513, 32.866393), Güven=76.9%
2026-07-11 15:46:12 [INFO] mission: MAVİ tespit #49: GPS=(39.925528, 32.866307), Güven=84.8%
2026-07-11 15:46:12 [INFO] mission: KIRMIZI tespit #51: GPS=(39.925540, 32.866425), Güven=91.2%
2026-07-11 15:46:12 [INFO] mission: MAVİ tespit #50: GPS=(39.925516, 32.866310), Güven=92.8%
2026-07-11 15:46:12 [INFO] mission: KIRMIZI tespit #52: GPS=(39.925531, 32.866440), Güven=93.2%
2026-07-11 15:46:12 [INFO] mission: MAVİ tespit #51: GPS=(39.925512, 32.866312), Güven=90.2%
2026-07-11 15:46:12 [INFO] mission: KIRMIZI tespit #53: GPS=(39.925523, 32.866438), Güven=86.4%
2026-07-11 15:46:12 [INFO] mission: Arama devam ediyor: 11/12s | Mavi=51, Kırmızı=53
2026-07-11 15:46:12 [INFO] mission: MAVİ tespit #52: GPS=(39.925529, 32.866330), Güven=82.5%
2026-07-11 15:46:12 [INFO] mission: MAVİ tespit #53: GPS=(39.925539, 32.866344), Güven=79.8%
2026-07-11 15:46:13 [INFO] mission: MAVİ tespit #54: GPS=(39.925538, 32.866340), Güven=87.2%
2026-07-11 15:46:13 [INFO] mission: KIRMIZI tespit #54: GPS=(39.925516, 32.866462), Güven=83.0%
2026-07-11 15:46:13 [INFO] mission: MAVİ tespit #55: GPS=(39.925543, 32.866327), Güven=92.4%
2026-07-11 15:46:13 [INFO] mission: KIRMIZI tespit #55: GPS=(39.925520, 32.866466), Güven=91.1%
2026-07-11 15:46:13 [INFO] mission: MAVİ tespit #56: GPS=(39.925558, 32.866318), Güven=97.2%
2026-07-11 15:46:13 [INFO] mission: KIRMIZI tespit #56: GPS=(39.925540, 32.866457), Güven=95.3%
2026-07-11 15:46:13 [INFO] mission: SEARCH süresi tamamlandı: Mavi=56, Kırmızı=56
2026-07-11 15:46:13 [INFO] mission: ✓ Her iki renk için yeterli örnek toplandı, işleme geçiliyor
2026-07-11 15:46:13 [INFO] mission: DURUM GEÇİŞİ: SEARCH → PROCESS
2026-07-11 15:46:13 [INFO] mission: ==================================================
2026-07-11 15:46:13 [INFO] mission: DURUM: PROCESS - Tespitler Değerlendiriliyor
2026-07-11 15:46:13 [INFO] mission: ==================================================
2026-07-11 15:46:13 [INFO] mission: MAVİ hedef GPS (ortalamalı): (39.925549, 32.866305)
2026-07-11 15:46:13 [INFO] mission: KIRMIZI hedef GPS (ortalamalı): (39.925542, 32.866421)
2026-07-11 15:46:13 [INFO] mission: Yük bırakma misyonu oluşturuluyor...
2026-07-11 15:46:13 [INFO] mission: ✓ Misyon yüklendi, mavi hedeflere yönleniliyor
2026-07-11 15:46:13 [INFO] mission: DURUM GEÇİŞİ: PROCESS → NAVIGATE_BLUE
2026-07-11 15:46:14 [INFO] mission: ✓ Mavi hedefe ulaşıldı! Mesafe: 8.0m
2026-07-11 15:46:14 [INFO] mission: DURUM GEÇİŞİ: NAVIGATE_BLUE → DROP_BLUE
2026-07-11 15:46:14 [INFO] mission: ==================================================
2026-07-11 15:46:14 [INFO] mission: DURUM: DROP_BLUE - Yük 1 Bırakılıyor
2026-07-11 15:46:14 [INFO] mission: ==================================================
2026-07-11 15:46:14 [INFO] mission: ✓ Yük 1 başarıyla bırakıldı!
2026-07-11 15:46:14 [INFO] mission: DURUM GEÇİŞİ: DROP_BLUE → NAVIGATE_RED
2026-07-11 15:46:14 [INFO] mission: ✓ Kırmızı hedefe ulaşıldı! Mesafe: 4.0m
2026-07-11 15:46:14 [INFO] mission: DURUM GEÇİŞİ: NAVIGATE_RED → DROP_RED
2026-07-11 15:46:14 [INFO] mission: ==================================================
2026-07-11 15:46:14 [INFO] mission: DURUM: DROP_RED - Yük 2 Bırakılıyor
2026-07-11 15:46:14 [INFO] mission: ==================================================
2026-07-11 15:46:14 [INFO] mission: ✓ Yük 2 başarıyla bırakıldı!
2026-07-11 15:46:14 [INFO] mission: DURUM GEÇİŞİ: DROP_RED → RTL
2026-07-11 15:46:14 [INFO] mission: ==================================================
2026-07-11 15:46:14 [INFO] mission: DURUM: RTL - Eve Dönüş
2026-07-11 15:46:14 [INFO] mission: ==================================================
2026-07-11 15:46:14 [INFO] mission: RTL modu aktif, eve dönülüyor...
2026-07-11 15:46:19 [INFO] mission: ✓ Eve dönüş tamamlandı!
2026-07-11 15:46:19 [INFO] mission: DURUM GEÇİŞİ: RTL → COMPLETE
2026-07-11 15:46:19 [INFO] mission: Sistem kapatılıyor...
2026-07-11 15:46:19 [INFO] mission: ✓ Sistem kapatıldı
