2026-07-11 15:33:43 [INFO] mission: ============================================================
2026-07-11 15:33:43 [INFO] mission: TEKNOFEST İHA GÖREV SİSTEMİ BAŞLATILDI
2026-07-11 15:33:43 [INFO] mission: ============================================================
2026-07-11 15:33:43 [INFO] mission:   SITL Modu: False
2026-07-11 15:33:43 [INFO] mission:   Kamera: True
2026-07-11 15:33:43 [INFO] mission: Görev döngüsü başlatılıyor...
2026-07-11 15:33:43 [INFO] mission: ==================================================
2026-07-11 15:33:43 [INFO] mission: DURUM: INIT - Sistem Başlatılıyor
2026-07-11 15:33:43 [INFO] mission: ==================================================
2026-07-11 15:33:43 [INFO] mission: ✓ GPS fix: 3
2026-07-11 15:33:44 [INFO] mission: ✓ Kamera başlatıldı
2026-07-11 15:33:44 [INFO] mission: ✓ Servo nötr pozisyonda
2026-07-11 15:33:44 [INFO] mission: ✓ Batarya: 16.2V, Seviye: 92%
2026-07-11 15:33:44 [INFO] mission: ✓ Tüm sistemler hazır
2026-07-11 15:33:44 [INFO] mission: DURUM GEÇİŞİ: INIT → TAKEOFF
2026-07-11 15:33:44 [INFO] mission: ==================================================
2026-07-11 15:33:44 [INFO] mission: DURUM: TAKEOFF - Kalkış
2026-07-11 15:33:44 [INFO] mission: ==================================================
2026-07-11 15:33:44 [INFO] mission: Kalkış başlatıldı, hedef irtifa: 50m
2026-07-11 15:33:53 [INFO] mission: ✓ Hedef irtifaya ulaşıldı: 45.0m
2026-07-11 15:33:53 [INFO] mission: DURUM GEÇİŞİ: TAKEOFF → SEARCH
2026-07-11 15:33:54 [INFO] mission: MAVİ tespit #1: GPS=(39.925487, 32.866515), Güven=89.4%
2026-07-11 15:33:54 [INFO] mission: KIRMIZI tespit #1: GPS=(39.925387, 32.866568), Güven=86.2%
2026-07-11 15:33:54 [INFO] mission: MAVİ tespit #2: GPS=(39.925555, 32.866449), Güven=87.6%
2026-07-11 15:33:54 [INFO] mission: KIRMIZI tespit #2: GPS=(39.925476, 32.866554), Güven=84.7%
2026-07-11 15:33:54 [INFO] mission: MAVİ tespit #3: GPS=(39.925615, 32.866383), Güven=83.7%
2026-07-11 15:33:54 [INFO] mission: KIRMIZI tespit #3: GPS=(39.925573, 32.866523), Güven=88.5%
2026-07-11 15:33:54 [INFO] mission: ✓ Yeterli tespit toplandı, işleme geçiliyor
2026-07-11 15:33:54 [INFO] mission: DURUM GEÇİŞİ: SEARCH → PROCESS
2026-07-11 15:33:54 [INFO] mission: ==================================================
2026-07-11 15:33:54 [INFO] mission: DURUM: PROCESS - Tespitler Değerlendiriliyor
2026-07-11 15:33:54 [INFO] mission: ==================================================
2026-07-11 15:33:54 [INFO] mission: MAVİ hedef GPS (ortalamalı): (39.925552, 32.866449)
2026-07-11 15:33:54 [INFO] mission: KIRMIZI hedef GPS (ortalamalı): (39.925479, 32.866548)
2026-07-11 15:33:54 [INFO] mission: Yük bırakma misyonu oluşturuluyor...
2026-07-11 15:33:54 [INFO] mission: ✓ Misyon yüklendi, mavi hedeflere yönleniliyor
2026-07-11 15:33:54 [INFO] mission: DURUM GEÇİŞİ: PROCESS → NAVIGATE_BLUE
2026-07-11 15:33:55 [INFO] mission: ✓ Mavi hedefe ulaşıldı! Mesafe: 8.0m
2026-07-11 15:33:55 [INFO] mission: DURUM GEÇİŞİ: NAVIGATE_BLUE → DROP_BLUE
2026-07-11 15:33:55 [INFO] mission: ==================================================
2026-07-11 15:33:55 [INFO] mission: DURUM: DROP_BLUE - Yük 1 Bırakılıyor
2026-07-11 15:33:55 [INFO] mission: ==================================================
2026-07-11 15:33:55 [INFO] mission: ✓ Yük 1 başarıyla bırakıldı!
2026-07-11 15:33:55 [INFO] mission: DURUM GEÇİŞİ: DROP_BLUE → NAVIGATE_RED
2026-07-11 15:33:55 [INFO] mission: ✓ Kırmızı hedefe ulaşıldı! Mesafe: 4.0m
2026-07-11 15:33:55 [INFO] mission: DURUM GEÇİŞİ: NAVIGATE_RED → DROP_RED
2026-07-11 15:33:56 [INFO] mission: ==================================================
2026-07-11 15:33:56 [INFO] mission: DURUM: DROP_RED - Yük 2 Bırakılıyor
2026-07-11 15:33:56 [INFO] mission: ==================================================
2026-07-11 15:33:56 [INFO] mission: ✓ Yük 2 başarıyla bırakıldı!
2026-07-11 15:33:56 [INFO] mission: DURUM GEÇİŞİ: DROP_RED → RTL
2026-07-11 15:33:56 [INFO] mission: ==================================================
2026-07-11 15:33:56 [INFO] mission: DURUM: RTL - Eve Dönüş
2026-07-11 15:33:56 [INFO] mission: ==================================================
2026-07-11 15:33:56 [INFO] mission: RTL modu aktif, eve dönülüyor...
2026-07-11 15:34:00 [INFO] mission:   Eve mesafe: 0.0m, İrtifa: 5.0m
2026-07-11 15:34:00 [INFO] mission: ✓ Eve dönüş tamamlandı!
2026-07-11 15:34:00 [INFO] mission: DURUM GEÇİŞİ: RTL → COMPLETE
2026-07-11 15:34:00 [INFO] mission: Sistem kapatılıyor...
2026-07-11 15:34:00 [INFO] mission: ✓ Sistem kapatıldı
